ERROR:root:HAVE A writer_list
ERROR:root:HAVE A writer_list
ERROR:root:got ray object
ERROR:root:HAVE A writer_list
ERROR:root:got ray object
ERROR:root:GOTTA ray_story
ERROR:root:HAVE A writer_list
ERROR:root:got ray object
ERROR:root:GOTTA ray_story
ERROR:root:HAVE A writer_list
ERROR:root:got ray object
ERROR:root:GOTTA ray_story
ERROR:root:HAVE A writer_list
ERROR:root:got ray object
ERROR:root:GOTTA ray_story
ERROR:root:story details: Romanos first story <p>Cow jumped over the moon.</p>

ERROR:root:HAVE A writer_list
ERROR:root:got ray object
ERROR:root:GOTTA ray_story
ERROR:root:story details: Romanos first story <p>Cow jumped over the moon.</p>

ERROR:root:HAVE A writer_list
ERROR:root:got ray object
ERROR:root:GOTTA ray_story
ERROR:root:story details: Romanos first story <p>Cow jumped over the moon.</p>

ERROR:root:HAVE A writer_list
ERROR:root:got ray object
ERROR:root:GOTTA ray_story
ERROR:root:story details: Romanos first story <p>Cow jumped over the moon.</p>

ERROR:root:HAVE A writer_list
ERROR:root:got ray object
ERROR:root:GOTTA ray_story
ERROR:root:story details: Romanos first story <p>Cow jumped over the moon.</p>

ERROR:root:HAVE A writer_list
ERROR:root:got ray object
ERROR:root:GOTTA ray_story
ERROR:root:story details: Romanos first story <p>Cow jumped over the moon.</p>

ERROR:root:HAVE A writer_list
ERROR:root:got ray object
ERROR:root:GOTTA ray_story
ERROR:root:story details: Romanos first story <p>Cow jumped over the moon.</p>

ERROR:root:HAVE A writer_list
ERROR:root:got ray object
ERROR:root:GOTTA ray_story
ERROR:root:story details: Romanos first story <p>Cow jumped over the moon.</p>

ERROR:root:HAVE A writer_list
ERROR:root:got ray object
ERROR:root:GOTTA ray_story
ERROR:root:story details: Romanos first story <p>Cow jumped over the moon.</p>

ERROR:root:HAVE A writer_list
ERROR:root:got ray object
ERROR:root:GOTTA ray_story
ERROR:root:story details: Romanos first story <p>Cow jumped over the moon.</p>

ERROR:root:HAVE A writer_list
ERROR:root:got ray object
ERROR:root:HAVE A writer_list
ERROR:root:HAVE A writer_list
ERROR:root:got ray object
ERROR:root:ray's stuff John  news
ERROR:root:GOTTA ray_story
ERROR:root:story details: Romanos first story <p>Cow jumped over the moon.</p>

ERROR:root:HAVE A writer_list
ERROR:root:got ray object
ERROR:root:ray's stuff John  news
ERROR:root:GOTTA ray_story
ERROR:root:story details: Romanos first story <p>Cow jumped over the moon.</p>

ERROR:root:HAVE A writer_list
ERROR:root:got ray object
ERROR:root:ray's stuff John  news
ERROR:root:GOTTA ray_story
ERROR:root:story details: Romanos first story <p>Cow jumped over the moon.</p>

ERROR:root:HAVE A writer_list
ERROR:root:got ray object
ERROR:root:ray's stuff John  news
ERROR:root:GOTTA ray_story
ERROR:root:story details: Romanos first story <p>Cow jumped over the moon.</p>

ERROR:root:HAVE A writer_list
ERROR:root:got ray object
ERROR:root:ray's stuff John  news
ERROR:root:GOTTA ray_story
ERROR:root:story details: Romanos first story <p>Cow jumped over the moon.</p>

ERROR:root:HAVE A writer_list
ERROR:root:HAVE A writer_list
ERROR:root:HAVE A writer_list
ERROR:root:HAVE A writer_list
ERROR:root:HAVE A writer_list
ERROR:root:story details: Romanos first story <p>Cow jumped over the moon.</p>

ERROR:root:HAVE A writer_list
ERROR:root:story details: Romanos first story <p>Cow jumped over the moon.</p>

ERROR:root:HAVE A writer_list
ERROR:root:story details: Romanos first story <p>Cow jumped over the moon.</p>

ERROR:root:story details: Sue's first story <p>This is my first story in django cms as a writer.</p>

ERROR:root:story details: Ernie's first story <p>This is my first story, too.</p>

ERROR:root:HAVE A writer_list
ERROR:root:story details: Romanos first story <p>Cow jumped over the moon.</p>

ERROR:root:story details: Sue's first story <p>This is my first story in django cms as a writer.</p>

ERROR:root:story details: Ernie's first story <p>This is my first story, too.</p>

ERROR:root:HAVE A writer_list
ERROR:root:story details: Romanos first story <p>Cow jumped over the moon.</p>

ERROR:root:story details: Sue's first story <p>This is my first story in django cms as a writer.</p>

ERROR:root:story details: Ernie's first story <p>This is my first story, too.</p>

ERROR:root:HAVE A writer_list
ERROR:root:story details: Romanos first story <p>Cow jumped over the moon.</p>

ERROR:root:story details: Sue's first story <p>This is my first story in django cms as a writer.</p>

ERROR:root:story details: Ernie's first story <p>This is my first story, too.</p>

ERROR:root:HAVE A writer_list
ERROR:root:story details: Romanos first story <p>Cow jumped over the moon.</p>

ERROR:root:story details: Sue's first story <p>This is my first story in django cms as a writer.</p>

ERROR:root:story details: Ernie's first story <p>This is my first story, too.</p>

ERROR:root:HAVE A writer_list
ERROR:root:story details: Sue's first story <p>This is my first story in django cms as a writer.</p>

ERROR:root:story details: Ernie's first story <p>This is my first story, too.</p>

ERROR:root:story details: Romanos first story <p>Cow jumped over the moon.</p>

ERROR:root:HAVE A writer_list
ERROR:root:story details: Sue's first story <p>This is my first story in django cms as a writer.</p>

ERROR:root:story details: Ernie's first story <p>This is my first story, too.</p>

ERROR:root:story details: Romanos first story <p>Cow jumped over the moon.</p>

ERROR:root:HAVE A writer_list
ERROR:root:story details: Sue's first story <p>This is my first story in django cms as a writer.</p>

ERROR:root:story details: Ernie's first story <p>This is my first story, too.</p>

ERROR:root:story details: Romanos first story <p>Cow jumped over the moon.</p>

ERROR:root:HAVE A writer_list
ERROR:root:story details: Sue's first story <p>This is my first story in django cms as a writer.</p>

ERROR:root:story details: Ernie's first story <p>This is my first story, too.</p>

ERROR:root:story details: Romanos first story <p>Cow jumped over the moon.</p>

ERROR:root:HAVE A writer_list
ERROR:root:story details: Sue's first story <p>This is my first story in django cms as a writer.</p>

ERROR:root:story details: Ernie's first story <p>This is my first story, too.</p>

ERROR:root:story details: Romanos first story <p>Cow jumped over the moon.</p>

